<?xml version="1.0" encoding="UTF-8"?>
<!-- Generated by org.testng.reporters.JUnitReportReporter -->
<testsuite hostname="SADEEP-DELL" failures="0" tests="1" name="ClassA.NewTest" time="0.025" errors="0" timestamp="2023-01-02T16:53:31 IST" skipped="0">
  <testcase classname="ClassA.NewTest" name="tC001" time="0.025"/>
  <system-out>
    <![CDATA[tc001 is executed]]>
  </system-out>
</testsuite> <!-- ClassA.NewTest -->
