<?xml version="1.0" encoding="UTF-8"?>
<!-- Generated by org.testng.reporters.JUnitReportReporter -->
<testsuite hostname="SADEEP-DELL" failures="0" tests="4" name="p2.ClassB" time="0.020" errors="0" timestamp="2023-01-04T12:42:04 IST" skipped="0">
  <testcase classname="p2.ClassB" name="tC004" time="0.002"/>
  <system-out>
    <![CDATA[tc004 is executed successfull]]>
  </system-out>
  <testcase classname="p2.ClassB" name="Testlogout" time="0.002"/>
  <system-out>
    <![CDATA[Testlogout successfull]]>
  </system-out>
  <testcase classname="p2.ClassB" name="tC005" time="0.006"/>
  <system-out>
    <![CDATA[tc005 is executed successfull]]>
  </system-out>
  <testcase classname="p2.ClassB" name="tC006" time="0.010"/>
  <system-out>
    <![CDATA[tc006 is executed successfull]]>
  </system-out>
</testsuite> <!-- p2.ClassB -->
