<?xml version="1.0" encoding="UTF-8"?>
<!-- Generated by org.testng.reporters.JUnitReportReporter -->
<testsuite hostname="SADEEP-DELL" failures="0" tests="3" name="p1.ClassA" time="0.026" errors="0" timestamp="2023-01-04T12:42:04 IST" skipped="0">
  <testcase classname="p1.ClassA" name="tC003" time="0.002"/>
  <system-out>
    <![CDATA[tc003 is executed successful]]>
  </system-out>
  <testcase classname="p1.ClassA" name="tC001" time="0.022"/>
  <system-out>
    <![CDATA[tc001 is executed successful]]>
  </system-out>
  <testcase classname="p1.ClassA" name="tC002" time="0.002"/>
  <system-out>
    <![CDATA[tc002 is executed successful]]>
  </system-out>
</testsuite> <!-- p1.ClassA -->
