<?xml version="1.0" encoding="UTF-8"?>
<!-- Generated by org.testng.reporters.JUnitReportReporter -->
<testsuite skipped="0" hostname="SADEEP-DELL" name="p2.ClassB" tests="4" failures="0" timestamp="2023-01-04T12:49:13 IST" time="0.002" errors="0">
  <testcase name="tC006" time="0.001" classname="p2.ClassB"/>
  <system-out>
    <![CDATA[tc006 is executed successfull]]>
  </system-out>
  <testcase name="tC005" time="0.000" classname="p2.ClassB"/>
  <system-out>
    <![CDATA[tc005 is executed successfull]]>
  </system-out>
  <testcase name="Testlogout" time="0.000" classname="p2.ClassB"/>
  <system-out>
    <![CDATA[Testlogout successfull]]>
  </system-out>
  <testcase name="tC004" time="0.001" classname="p2.ClassB"/>
  <system-out>
    <![CDATA[tc004 is executed successfull]]>
  </system-out>
</testsuite> <!-- p2.ClassB -->
