<?xml version="1.0" encoding="UTF-8"?>
<!-- Generated by org.testng.reporters.JUnitReportReporter -->
<testsuite skipped="0" hostname="SADEEP-DELL" name="p1.ClassA" tests="3" failures="0" timestamp="2023-01-04T12:49:13 IST" time="0.008" errors="0">
  <testcase name="tC001" time="0.007" classname="p1.ClassA"/>
  <system-out>
    <![CDATA[tc001 is executed successful]]>
  </system-out>
  <testcase name="tC002" time="0.001" classname="p1.ClassA"/>
  <system-out>
    <![CDATA[tc002 is executed successful]]>
  </system-out>
  <testcase name="tC003" time="0.000" classname="p1.ClassA"/>
  <system-out>
    <![CDATA[tc003 is executed successful]]>
  </system-out>
</testsuite> <!-- p1.ClassA -->
